[debug] [2025-03-14T07:13:15.828Z] ----------------------------------------------------------------------
[debug] [2025-03-14T07:13:15.830Z] Command:       c:\program files\nodejs\node.exe C:\Users\User\AppData\Roaming\npm\node_modules\firebase-tools\lib\bin\firebase.js init
[debug] [2025-03-14T07:13:15.830Z] CLI Version:   13.34.0
[debug] [2025-03-14T07:13:15.830Z] Platform:      win32
[debug] [2025-03-14T07:13:15.830Z] Node Version:  v22.14.0
[debug] [2025-03-14T07:13:15.831Z] Time:          Fri Mar 14 2025 12:43:15 GMT+0530 (India Standard Time)
[debug] [2025-03-14T07:13:15.831Z] ----------------------------------------------------------------------
[debug] 
[debug] [2025-03-14T07:13:15.835Z] > command requires scopes: ["email","openid","https://www.googleapis.com/auth/cloudplatformprojects.readonly","https://www.googleapis.com/auth/firebase","https://www.googleapis.com/auth/cloud-platform"]
[debug] [2025-03-14T07:13:15.835Z] > authorizing via signed-in user (collegeminiproject07@gmail.com)
[info] 
     ######## #### ########  ######## ########     ###     ######  ########
     ##        ##  ##     ## ##       ##     ##  ##   ##  ##       ##
     ######    ##  ########  ######   ########  #########  ######  ######
     ##        ##  ##    ##  ##       ##     ## ##     ##       ## ##
     ##       #### ##     ## ######## ########  ##     ##  ######  ########

You're about to initialize a Firebase project in this directory:

  D:\Siddhesh\code\online-food-ordering-system

[info] 
=== Project Setup
[info] 
[info] First, let's associate this project directory with a Firebase project.
[info] You can create multiple project aliases by running firebase use --add, 
[info] but for now we'll just set up a default project.
[info] 
[debug] [2025-03-14T07:14:09.575Z] Checked if tokens are valid: true, expires at: 1741939910483
[debug] [2025-03-14T07:14:09.576Z] Checked if tokens are valid: true, expires at: 1741939910483
[debug] [2025-03-14T07:14:09.577Z] >>> [apiv2][query] GET https://firebase.googleapis.com/v1beta1/projects pageSize=100
[debug] [2025-03-14T07:14:10.756Z] <<< [apiv2][status] GET https://firebase.googleapis.com/v1beta1/projects 200
[debug] [2025-03-14T07:14:10.756Z] <<< [apiv2][body] GET https://firebase.googleapis.com/v1beta1/projects [omitted]
[info] i  Using project online-cateen-ordeing (online cateen ordeing ) 
[info] 
=== Hosting Setup
[debug] [2025-03-14T07:14:21.271Z] Checked if tokens are valid: true, expires at: 1741939910483
[debug] [2025-03-14T07:14:21.271Z] Checked if tokens are valid: true, expires at: 1741939910483
[debug] [2025-03-14T07:14:21.271Z] >>> [apiv2][query] GET https://firebase.googleapis.com/v1beta1/projects/online-cateen-ordeing [none]
[debug] [2025-03-14T07:14:21.999Z] <<< [apiv2][status] GET https://firebase.googleapis.com/v1beta1/projects/online-cateen-ordeing 200
[debug] [2025-03-14T07:14:21.999Z] <<< [apiv2][body] GET https://firebase.googleapis.com/v1beta1/projects/online-cateen-ordeing {"projectId":"online-cateen-ordeing","projectNumber":"1088334175531","displayName":"online cateen ordeing ","name":"projects/online-cateen-ordeing","resources":{"hostingSite":"online-cateen-ordeing"},"state":"ACTIVE","etag":"1_16fba735-1f04-4c53-bb32-b27eddc59880"}
[info] 
[info] Your public directory is the folder (relative to your project directory) that
[info] will contain Hosting assets to be uploaded with firebase deploy. If you
[info] have a build process for your assets, use your build's output directory.
[info] 
[info] +  Wrote y/404.html 
[debug] [2025-03-14T07:15:36.843Z] >>> [apiv2][query] GET https://www.gstatic.com/firebasejs/releases.json [none]
[debug] [2025-03-14T07:15:37.384Z] <<< [apiv2][status] GET https://www.gstatic.com/firebasejs/releases.json 200
